08/19/2011 10:16:56: Hey - I called the Home page!
08/19/2011 10:22:38: Hey - I called the Home page!
08/19/2011 10:34:11: Hey - I called the Home page!
08/19/2011 10:35:54: 
Error in Path :/shopify/receiver
Raw Url :/shopify/receiver
Message :Sequence contains no elements
Source :System.Core
Stack Trace :   at System.Linq.Enumerable.First[TSource](IEnumerable`1 source)
   at Highrise.Api.ToSingleDynamic(String xml) in C:\@projects\Highrise\Api.cs:line 100
   at Highrise.Api.GetPerson(String email) in C:\@projects\Highrise\Api.cs:line 49
   at Highrise.Api.AddPerson(String first, String last, String email, String[] tags) in C:\@projects\Highrise\Api.cs:line 27
   at System.Dynamic.UpdateDelegates.UpdateAndExecute5[T0,T1,T2,T3,T4,TRet](CallSite site, T0 arg0, T1 arg1, T2 arg2, T3 arg3, T4 arg4)
   at VidPub.Web.Controllers.ShopifyController.Receiver() in C:\@Tekpub\VidPub\Source\VidPub.Web\Controllers\ShopifyController.cs:line 80
TargetSite :TSource First[TSource](System.Collections.Generic.IEnumerable`1[TSource])
08/19/2011 10:37:37: 
Error in Path :/shopify/receiver
Raw Url :/shopify/receiver
Message :Sequence contains no elements
Source :System.Core
Stack Trace :   at System.Linq.Enumerable.First[TSource](IEnumerable`1 source)
   at Highrise.Api.ToSingleDynamic(String xml) in C:\@projects\Highrise\Api.cs:line 100
   at Highrise.Api.GetPerson(String email) in C:\@projects\Highrise\Api.cs:line 49
   at Highrise.Api.AddPerson(String first, String last, String email, String[] tags) in C:\@projects\Highrise\Api.cs:line 27
   at VidPub.Web.Controllers.ShopifyController.Receiver() in C:\@Tekpub\VidPub\Source\VidPub.Web\Controllers\ShopifyController.cs:line 80
TargetSite :TSource First[TSource](System.Collections.Generic.IEnumerable`1[TSource])
09/06/2011 13:12:24: Hey - I called the Home page!
09/06/2011 14:09:56: Hey - I called the Home page!
09/06/2011 14:11:34: Hey - I called the Home page!
09/06/2011 14:20:03: Hey - I called the Home page!
09/12/2011 14:36:54: Hey - I called the Home page!
09/12/2011 14:55:57: Hey - I called the Home page!
09/12/2011 14:56:27: Hey - I called the Home page!
09/12/2011 15:04:01: Hey - I called the Home page!
09/12/2011 15:20:44: Hey - I called the Home page!
